[2023-06-17 17:52:19,888] INFO in pymysql_toolkit: 数据库连接池配置：{'host': '192.168.64.16', 'db': 'data_visualization', 'user': 'data_visualization', 'password': '123456', 'port': 3306, 'charset': 'UTF8', 'min_cached': 10, 'max_cached': 20, 'max_shared': 10, 'max_connections': 100, 'blocking': True, 'max_usage': 100, 'set_session': None, 'reset': True}
[2023-06-17 17:52:19,888] INFO in pymysql_toolkit: 开始初始化数据库连接池
[2023-06-17 17:52:19,918] INFO in pymysql_toolkit: 数据库初始化成功
[2023-06-17 17:54:25,323] DEBUG in pymysql_toolkit: 从连接池获取连接
[2023-06-17 17:54:25,326] INFO in pymysql_toolkit: MySQL连接开启，当前连接<dbutils.pooled_db.PooledDedicatedDBConnection object at 0x106a46fd0>
[2023-06-17 17:54:25,326] INFO in pymysql_toolkit: MySQL光标获取成功，当前光标<dbutils.steady_db.SteadyDBCursor object at 0x106a46dd0>
[2023-06-17 17:54:25,327] INFO in pymysql_toolkit: 光标：<dbutils.steady_db.SteadyDBCursor object at 0x106a46dd0>，已关闭
[2023-06-17 17:54:25,329] INFO in pymysql_toolkit: 连接：<dbutils.pooled_db.PooledDedicatedDBConnection object at 0x106a46fd0>，已关闭
[2023-06-17 17:56:35,160] INFO in pymysql_toolkit: 数据库连接池配置：{'host': '192.168.64.16', 'db': 'data_visualization', 'user': 'data_visualization', 'password': '123456', 'port': 3306, 'charset': 'UTF8', 'min_cached': 10, 'max_cached': 20, 'max_shared': 10, 'max_connections': 100, 'blocking': True, 'max_usage': 100, 'set_session': None, 'reset': True}
[2023-06-17 17:56:35,160] INFO in pymysql_toolkit: 开始初始化数据库连接池
[2023-06-17 17:56:35,193] INFO in pymysql_toolkit: 数据库初始化成功
[2023-06-17 17:56:40,352] DEBUG in pymysql_toolkit: 从连接池获取连接
[2023-06-17 17:56:40,353] INFO in pymysql_toolkit: MySQL连接开启，当前连接<dbutils.pooled_db.PooledDedicatedDBConnection object at 0x102639150>
[2023-06-17 17:56:40,354] INFO in pymysql_toolkit: MySQL光标获取成功，当前光标<dbutils.steady_db.SteadyDBCursor object at 0x102639290>
[2023-06-17 17:56:40,354] INFO in pymysql_toolkit: 光标：<dbutils.steady_db.SteadyDBCursor object at 0x102639290>，已关闭
[2023-06-17 17:56:40,356] INFO in pymysql_toolkit: 连接：<dbutils.pooled_db.PooledDedicatedDBConnection object at 0x102639150>，已关闭
[2023-06-17 17:57:56,433] INFO in pymysql_toolkit: 数据库连接池配置：{'host': '192.168.64.16', 'db': 'data_visualization', 'user': 'data_visualization', 'password': '123456', 'port': 3306, 'charset': 'UTF8', 'min_cached': 10, 'max_cached': 20, 'max_shared': 10, 'max_connections': 100, 'blocking': True, 'max_usage': 100, 'set_session': None, 'reset': True}
[2023-06-17 17:57:56,433] INFO in pymysql_toolkit: 开始初始化数据库连接池
[2023-06-17 17:57:56,465] INFO in pymysql_toolkit: 数据库初始化成功
[2023-06-17 17:58:00,583] DEBUG in pymysql_toolkit: 从连接池获取连接
[2023-06-17 17:58:00,584] INFO in pymysql_toolkit: MySQL连接开启，当前连接<dbutils.pooled_db.PooledDedicatedDBConnection object at 0x102e46010>
[2023-06-17 17:58:00,584] INFO in pymysql_toolkit: MySQL光标获取成功，当前光标<dbutils.steady_db.SteadyDBCursor object at 0x102e45050>
[2023-06-17 17:58:00,584] INFO in pymysql_toolkit: 光标：<dbutils.steady_db.SteadyDBCursor object at 0x102e45050>，已关闭
[2023-06-17 17:58:00,586] INFO in pymysql_toolkit: 连接：<dbutils.pooled_db.PooledDedicatedDBConnection object at 0x102e46010>，已关闭
[2023-06-17 17:58:00,586] DEBUG in pymysql_toolkit: 从连接池获取连接
[2023-06-17 17:58:00,587] INFO in pymysql_toolkit: MySQL连接开启，当前连接<dbutils.pooled_db.PooledDedicatedDBConnection object at 0x102e45010>
[2023-06-17 17:58:00,587] INFO in pymysql_toolkit: MySQL光标获取成功，当前光标<dbutils.steady_db.SteadyDBCursor object at 0x102e451d0>
[2023-06-17 17:58:00,587] INFO in pymysql_toolkit: 开启事务
[2023-06-17 17:58:00,588] INFO in pymysql_toolkit: 事务已提交
[2023-06-17 17:58:00,588] INFO in pymysql_toolkit: 光标：<dbutils.steady_db.SteadyDBCursor object at 0x102e451d0>，已关闭
[2023-06-17 17:58:00,589] INFO in pymysql_toolkit: 连接：<dbutils.pooled_db.PooledDedicatedDBConnection object at 0x102e45010>，已关闭
[2023-06-20 19:53:27,292] INFO in pymysql_toolkit: 数据库连接池配置：{'host': '192.168.64.16', 'db': 'data_visualization', 'user': 'data_visualization', 'password': '123456', 'port': 3306, 'charset': 'UTF8', 'min_cached': 10, 'max_cached': 20, 'max_shared': 10, 'max_connections': 100, 'blocking': True, 'max_usage': 100, 'set_session': None, 'reset': True}
[2023-06-20 19:53:27,293] INFO in pymysql_toolkit: 开始初始化数据库连接池
[2023-06-20 19:53:27,331] INFO in pymysql_toolkit: 数据库初始化成功
[2023-06-20 19:53:53,600] INFO in pymysql_toolkit: 数据库连接池配置：{'host': '192.168.64.16', 'db': 'data_visualization', 'user': 'data_visualization', 'password': '123456', 'port': 3306, 'charset': 'UTF8', 'min_cached': 10, 'max_cached': 20, 'max_shared': 10, 'max_connections': 100, 'blocking': True, 'max_usage': 100, 'set_session': None, 'reset': True}
[2023-06-20 19:53:53,600] INFO in pymysql_toolkit: 开始初始化数据库连接池
[2023-06-20 19:53:53,632] INFO in pymysql_toolkit: 数据库初始化成功
[2023-06-20 19:54:23,387] INFO in pymysql_toolkit: 数据库连接池配置：{'host': '192.168.64.16', 'db': 'data_visualization', 'user': 'data_visualization', 'password': '123456', 'port': 3306, 'charset': 'UTF8', 'min_cached': 10, 'max_cached': 20, 'max_shared': 10, 'max_connections': 100, 'blocking': True, 'max_usage': 100, 'set_session': None, 'reset': True}
[2023-06-20 19:54:23,387] INFO in pymysql_toolkit: 开始初始化数据库连接池
[2023-06-20 19:54:23,420] INFO in pymysql_toolkit: 数据库初始化成功
[2023-06-20 19:57:10,636] INFO in pymysql_toolkit: 数据库连接池配置：{'host': '192.168.64.16', 'db': 'data_visualization', 'user': 'data_visualization', 'password': '123456', 'port': 3306, 'charset': 'UTF8', 'min_cached': 10, 'max_cached': 20, 'max_shared': 10, 'max_connections': 100, 'blocking': True, 'max_usage': 100, 'set_session': None, 'reset': True}
[2023-06-20 19:57:10,636] INFO in pymysql_toolkit: 开始初始化数据库连接池
[2023-06-20 19:57:10,668] INFO in pymysql_toolkit: 数据库初始化成功
[2023-06-20 19:57:17,153] INFO in pymysql_toolkit: 数据库连接池配置：{'host': '192.168.64.16', 'db': 'data_visualization', 'user': 'data_visualization', 'password': '123456', 'port': 3306, 'charset': 'UTF8', 'min_cached': 10, 'max_cached': 20, 'max_shared': 10, 'max_connections': 100, 'blocking': True, 'max_usage': 100, 'set_session': None, 'reset': True}
[2023-06-20 19:57:17,153] INFO in pymysql_toolkit: 开始初始化数据库连接池
[2023-06-20 19:57:17,185] INFO in pymysql_toolkit: 数据库初始化成功
[2023-06-20 19:58:29,449] INFO in pymysql_toolkit: 数据库连接池配置：{'host': '192.168.64.16', 'db': 'data_visualization', 'user': 'data_visualization', 'password': '123456', 'port': 3306, 'charset': 'UTF8', 'min_cached': 10, 'max_cached': 20, 'max_shared': 10, 'max_connections': 100, 'blocking': True, 'max_usage': 100, 'set_session': None, 'reset': True}
[2023-06-20 19:58:29,449] INFO in pymysql_toolkit: 开始初始化数据库连接池
[2023-06-20 19:58:29,478] INFO in pymysql_toolkit: 数据库初始化成功
[2023-06-20 19:58:40,446] INFO in pymysql_toolkit: 数据库连接池配置：{'host': '192.168.64.16', 'db': 'data_visualization', 'user': 'data_visualization', 'password': '123456', 'port': 3306, 'charset': 'UTF8', 'min_cached': 10, 'max_cached': 20, 'max_shared': 10, 'max_connections': 100, 'blocking': True, 'max_usage': 100, 'set_session': None, 'reset': True}
[2023-06-20 19:58:40,446] INFO in pymysql_toolkit: 开始初始化数据库连接池
[2023-06-20 19:58:40,477] INFO in pymysql_toolkit: 数据库初始化成功
[2023-06-20 19:59:49,470] INFO in pymysql_toolkit: 数据库连接池配置：{'host': '192.168.64.16', 'db': 'data_visualization', 'user': 'data_visualization', 'password': '123456', 'port': 3306, 'charset': 'UTF8', 'min_cached': 10, 'max_cached': 20, 'max_shared': 10, 'max_connections': 100, 'blocking': True, 'max_usage': 100, 'set_session': None, 'reset': True}
[2023-06-20 19:59:49,471] INFO in pymysql_toolkit: 开始初始化数据库连接池
[2023-06-20 19:59:49,504] INFO in pymysql_toolkit: 数据库初始化成功
[2023-06-20 20:05:08,396] INFO in pymysql_toolkit: 数据库连接池配置：{'host': '192.168.64.16', 'db': 'data_visualization', 'user': 'data_visualization', 'password': '123456', 'port': 3306, 'charset': 'UTF8', 'min_cached': 10, 'max_cached': 20, 'max_shared': 10, 'max_connections': 100, 'blocking': True, 'max_usage': 100, 'set_session': None, 'reset': True}
[2023-06-20 20:05:08,397] INFO in pymysql_toolkit: 开始初始化数据库连接池
[2023-06-20 20:05:08,430] INFO in pymysql_toolkit: 数据库初始化成功
[2023-06-20 20:09:22,810] INFO in pymysql_toolkit: 数据库连接池配置：{'host': '192.168.64.16', 'db': 'data_visualization', 'user': 'data_visualization', 'password': '123456', 'port': 3306, 'charset': 'UTF8', 'min_cached': 10, 'max_cached': 20, 'max_shared': 10, 'max_connections': 100, 'blocking': True, 'max_usage': 100, 'set_session': None, 'reset': True}
[2023-06-20 20:09:22,810] INFO in pymysql_toolkit: 开始初始化数据库连接池
[2023-06-20 20:09:22,842] INFO in pymysql_toolkit: 数据库初始化成功
[2023-06-20 20:10:06,009] INFO in pymysql_toolkit: 数据库连接池配置：{'host': '192.168.64.16', 'db': 'data_visualization', 'user': 'data_visualization', 'password': '123456', 'port': 3306, 'charset': 'UTF8', 'min_cached': 10, 'max_cached': 20, 'max_shared': 10, 'max_connections': 100, 'blocking': True, 'max_usage': 100, 'set_session': None, 'reset': True}
[2023-06-20 20:10:06,010] INFO in pymysql_toolkit: 开始初始化数据库连接池
[2023-06-20 20:10:06,041] INFO in pymysql_toolkit: 数据库初始化成功
[2023-06-20 20:10:28,300] INFO in pymysql_toolkit: 数据库连接池配置：{'host': '192.168.64.16', 'db': 'data_visualization', 'user': 'data_visualization', 'password': '123456', 'port': 3306, 'charset': 'UTF8', 'min_cached': 10, 'max_cached': 20, 'max_shared': 10, 'max_connections': 100, 'blocking': True, 'max_usage': 100, 'set_session': None, 'reset': True}
[2023-06-20 20:10:28,300] INFO in pymysql_toolkit: 开始初始化数据库连接池
[2023-06-20 20:10:28,331] INFO in pymysql_toolkit: 数据库初始化成功
[2023-06-20 20:10:28,332] DEBUG in pymysql_toolkit: 从连接池获取连接
[2023-06-20 20:10:28,332] INFO in pymysql_toolkit: MySQL连接开启，当前连接<dbutils.pooled_db.PooledDedicatedDBConnection object at 0x10336a750>
[2023-06-20 20:10:28,332] INFO in pymysql_toolkit: MySQL光标获取成功，当前光标<dbutils.steady_db.SteadyDBCursor object at 0x10336a7d0>
[2023-06-20 20:10:28,337] INFO in pymysql_toolkit: 光标：<dbutils.steady_db.SteadyDBCursor object at 0x10336a7d0>，已关闭
[2023-06-20 20:10:28,340] INFO in pymysql_toolkit: 连接：<dbutils.pooled_db.PooledDedicatedDBConnection object at 0x10336a750>，已关闭
[2023-06-20 20:10:39,286] INFO in pymysql_toolkit: 数据库连接池配置：{'host': '192.168.64.16', 'db': 'data_visualization', 'user': 'data_visualization', 'password': '123456', 'port': 3306, 'charset': 'UTF8', 'min_cached': 10, 'max_cached': 20, 'max_shared': 10, 'max_connections': 100, 'blocking': True, 'max_usage': 100, 'set_session': None, 'reset': True}
[2023-06-20 20:10:39,286] INFO in pymysql_toolkit: 开始初始化数据库连接池
[2023-06-20 20:10:39,319] INFO in pymysql_toolkit: 数据库初始化成功
[2023-06-20 20:10:39,320] DEBUG in pymysql_toolkit: 从连接池获取连接
[2023-06-20 20:10:39,320] INFO in pymysql_toolkit: MySQL连接开启，当前连接<dbutils.pooled_db.PooledDedicatedDBConnection object at 0x10534a750>
[2023-06-20 20:10:39,320] INFO in pymysql_toolkit: MySQL光标获取成功，当前光标<dbutils.steady_db.SteadyDBCursor object at 0x10534a7d0>
[2023-06-20 20:10:39,321] INFO in pymysql_toolkit: 光标：<dbutils.steady_db.SteadyDBCursor object at 0x10534a7d0>，已关闭
[2023-06-20 20:10:39,323] INFO in pymysql_toolkit: 连接：<dbutils.pooled_db.PooledDedicatedDBConnection object at 0x10534a750>，已关闭
[2023-06-20 20:10:39,324] DEBUG in pymysql_toolkit: 从连接池获取连接
[2023-06-20 20:10:39,324] INFO in pymysql_toolkit: MySQL连接开启，当前连接<dbutils.pooled_db.PooledDedicatedDBConnection object at 0x10534a810>
[2023-06-20 20:10:39,324] INFO in pymysql_toolkit: MySQL光标获取成功，当前光标<dbutils.steady_db.SteadyDBCursor object at 0x10534a890>
[2023-06-20 20:10:39,326] INFO in pymysql_toolkit: 光标：<dbutils.steady_db.SteadyDBCursor object at 0x10534a890>，已关闭
[2023-06-20 20:10:39,327] INFO in pymysql_toolkit: 连接：<dbutils.pooled_db.PooledDedicatedDBConnection object at 0x10534a810>，已关闭
[2023-06-20 20:31:36,573] INFO in pymysql_toolkit: 数据库连接池配置：{'host': '192.168.64.16', 'db': 'data_visualization', 'user': 'data_visualization', 'password': '123456', 'port': 3306, 'charset': 'UTF8', 'min_cached': 10, 'max_cached': 20, 'max_shared': 10, 'max_connections': 100, 'blocking': True, 'max_usage': 100, 'set_session': None, 'reset': True}
[2023-06-20 20:31:36,574] INFO in pymysql_toolkit: 开始初始化数据库连接池
[2023-06-20 20:31:36,613] INFO in pymysql_toolkit: 数据库初始化成功
[2023-06-20 20:31:36,615] DEBUG in pymysql_toolkit: 从连接池获取连接
[2023-06-20 20:31:36,615] INFO in pymysql_toolkit: MySQL连接开启，当前连接<dbutils.pooled_db.PooledDedicatedDBConnection object at 0x106546690>
[2023-06-20 20:31:36,615] INFO in pymysql_toolkit: MySQL光标获取成功，当前光标<dbutils.steady_db.SteadyDBCursor object at 0x106546710>
[2023-06-20 20:31:36,617] INFO in pymysql_toolkit: 光标：<dbutils.steady_db.SteadyDBCursor object at 0x106546710>，已关闭
[2023-06-20 20:31:36,622] INFO in pymysql_toolkit: 连接：<dbutils.pooled_db.PooledDedicatedDBConnection object at 0x106546690>，已关闭
[2023-06-20 20:31:36,622] DEBUG in pymysql_toolkit: 从连接池获取连接
[2023-06-20 20:31:36,622] INFO in pymysql_toolkit: MySQL连接开启，当前连接<dbutils.pooled_db.PooledDedicatedDBConnection object at 0x1065468d0>
[2023-06-20 20:31:36,622] INFO in pymysql_toolkit: MySQL光标获取成功，当前光标<dbutils.steady_db.SteadyDBCursor object at 0x106546910>
[2023-06-20 20:31:36,623] INFO in pymysql_toolkit: 光标：<dbutils.steady_db.SteadyDBCursor object at 0x106546910>，已关闭
[2023-06-20 20:31:36,624] INFO in pymysql_toolkit: 连接：<dbutils.pooled_db.PooledDedicatedDBConnection object at 0x1065468d0>，已关闭
[2023-06-20 20:32:23,539] INFO in pymysql_toolkit: 数据库连接池配置：{'host': '192.168.64.16', 'db': 'data_visualization', 'user': 'data_visualization', 'password': '123456', 'port': 3306, 'charset': 'UTF8', 'min_cached': 10, 'max_cached': 20, 'max_shared': 10, 'max_connections': 100, 'blocking': True, 'max_usage': 100, 'set_session': None, 'reset': True}
[2023-06-20 20:32:23,539] INFO in pymysql_toolkit: 开始初始化数据库连接池
[2023-06-20 20:32:23,573] INFO in pymysql_toolkit: 数据库初始化成功
[2023-06-20 20:32:23,574] DEBUG in pymysql_toolkit: 从连接池获取连接
[2023-06-20 20:32:23,575] INFO in pymysql_toolkit: MySQL连接开启，当前连接<dbutils.pooled_db.PooledDedicatedDBConnection object at 0x10720ef90>
[2023-06-20 20:32:23,575] INFO in pymysql_toolkit: MySQL光标获取成功，当前光标<dbutils.steady_db.SteadyDBCursor object at 0x10720f010>
[2023-06-20 20:32:23,576] INFO in pymysql_toolkit: 光标：<dbutils.steady_db.SteadyDBCursor object at 0x10720f010>，已关闭
[2023-06-20 20:32:23,578] INFO in pymysql_toolkit: 连接：<dbutils.pooled_db.PooledDedicatedDBConnection object at 0x10720ef90>，已关闭
[2023-06-20 20:32:23,578] DEBUG in pymysql_toolkit: 从连接池获取连接
[2023-06-20 20:32:23,579] INFO in pymysql_toolkit: MySQL连接开启，当前连接<dbutils.pooled_db.PooledDedicatedDBConnection object at 0x10720efd0>
[2023-06-20 20:32:23,579] INFO in pymysql_toolkit: MySQL光标获取成功，当前光标<dbutils.steady_db.SteadyDBCursor object at 0x10720f090>
[2023-06-20 20:32:23,581] INFO in pymysql_toolkit: 光标：<dbutils.steady_db.SteadyDBCursor object at 0x10720f090>，已关闭
[2023-06-20 20:32:23,581] INFO in pymysql_toolkit: 连接：<dbutils.pooled_db.PooledDedicatedDBConnection object at 0x10720efd0>，已关闭
[2023-06-20 20:44:30,775] INFO in pymysql_toolkit: 数据库连接池配置：{'host': '192.168.64.16', 'db': 'data_visualization', 'user': 'data_visualization', 'password': '123456', 'port': 3306, 'charset': 'UTF8', 'min_cached': 10, 'max_cached': 20, 'max_shared': 10, 'max_connections': 100, 'blocking': True, 'max_usage': 100, 'set_session': None, 'reset': True}
[2023-06-20 20:44:30,775] INFO in pymysql_toolkit: 开始初始化数据库连接池
[2023-06-20 20:44:30,806] INFO in pymysql_toolkit: 数据库初始化成功
[2023-06-20 20:44:30,808] DEBUG in pymysql_toolkit: 从连接池获取连接
[2023-06-20 20:44:30,808] INFO in pymysql_toolkit: MySQL连接开启，当前连接<dbutils.pooled_db.PooledDedicatedDBConnection object at 0x104922d90>
[2023-06-20 20:44:30,808] INFO in pymysql_toolkit: MySQL光标获取成功，当前光标<dbutils.steady_db.SteadyDBCursor object at 0x104922e10>
[2023-06-20 20:44:30,809] INFO in pymysql_toolkit: 光标：<dbutils.steady_db.SteadyDBCursor object at 0x104922e10>，已关闭
[2023-06-20 20:44:30,812] INFO in pymysql_toolkit: 连接：<dbutils.pooled_db.PooledDedicatedDBConnection object at 0x104922d90>，已关闭
[2023-06-20 20:44:30,812] DEBUG in pymysql_toolkit: 从连接池获取连接
[2023-06-20 20:44:30,813] INFO in pymysql_toolkit: MySQL连接开启，当前连接<dbutils.pooled_db.PooledDedicatedDBConnection object at 0x104922dd0>
[2023-06-20 20:44:30,813] INFO in pymysql_toolkit: MySQL光标获取成功，当前光标<dbutils.steady_db.SteadyDBCursor object at 0x104922e50>
[2023-06-20 20:44:30,814] INFO in pymysql_toolkit: 光标：<dbutils.steady_db.SteadyDBCursor object at 0x104922e50>，已关闭
[2023-06-20 20:44:30,814] INFO in pymysql_toolkit: 连接：<dbutils.pooled_db.PooledDedicatedDBConnection object at 0x104922dd0>，已关闭
[2023-06-20 21:08:53,427] INFO in pymysql_toolkit: 数据库连接池配置：{'host': '192.168.64.16', 'db': 'data_visualization', 'user': 'data_visualization', 'password': '123456', 'port': 3306, 'charset': 'UTF8', 'min_cached': 10, 'max_cached': 20, 'max_shared': 10, 'max_connections': 100, 'blocking': True, 'max_usage': 100, 'set_session': None, 'reset': True}
[2023-06-20 21:08:53,427] INFO in pymysql_toolkit: 开始初始化数据库连接池
[2023-06-20 21:08:53,464] INFO in pymysql_toolkit: 数据库初始化成功
[2023-06-20 21:08:53,466] DEBUG in pymysql_toolkit: 从连接池获取连接
[2023-06-20 21:08:53,466] INFO in pymysql_toolkit: MySQL连接开启，当前连接<dbutils.pooled_db.PooledDedicatedDBConnection object at 0x10741ef10>
[2023-06-20 21:08:53,466] INFO in pymysql_toolkit: 当前连接的 autocommit：True
[2023-06-20 21:08:53,467] INFO in pymysql_toolkit: MySQL光标获取成功，当前光标<dbutils.steady_db.SteadyDBCursor object at 0x10741efd0>
[2023-06-20 21:08:53,469] INFO in pymysql_toolkit: 光标：<dbutils.steady_db.SteadyDBCursor object at 0x10741efd0>，已关闭
[2023-06-20 21:08:53,472] INFO in pymysql_toolkit: 连接：<dbutils.pooled_db.PooledDedicatedDBConnection object at 0x10741ef10>，已关闭
[2023-06-20 21:08:53,472] DEBUG in pymysql_toolkit: 从连接池获取连接
[2023-06-20 21:08:53,473] INFO in pymysql_toolkit: MySQL连接开启，当前连接<dbutils.pooled_db.PooledDedicatedDBConnection object at 0x10741f010>
[2023-06-20 21:08:53,473] INFO in pymysql_toolkit: 当前连接的 autocommit：True
[2023-06-20 21:08:53,473] INFO in pymysql_toolkit: MySQL光标获取成功，当前光标<dbutils.steady_db.SteadyDBCursor object at 0x10741f190>
[2023-06-20 21:08:53,474] INFO in pymysql_toolkit: 光标：<dbutils.steady_db.SteadyDBCursor object at 0x10741f190>，已关闭
[2023-06-20 21:08:53,474] INFO in pymysql_toolkit: 连接：<dbutils.pooled_db.PooledDedicatedDBConnection object at 0x10741f010>，已关闭
[2023-06-20 21:09:57,523] INFO in pymysql_toolkit: 数据库连接池配置：{'host': '192.168.64.16', 'db': 'data_visualization', 'user': 'data_visualization', 'password': '123456', 'port': 3306, 'charset': 'UTF8', 'min_cached': 10, 'max_cached': 20, 'max_shared': 10, 'max_connections': 100, 'blocking': True, 'max_usage': 100, 'set_session': None, 'reset': True}
[2023-06-20 21:09:57,523] INFO in pymysql_toolkit: 开始初始化数据库连接池
[2023-06-20 21:09:57,558] INFO in pymysql_toolkit: 数据库初始化成功
[2023-06-20 21:09:57,559] DEBUG in pymysql_toolkit: 从连接池获取连接
[2023-06-20 21:09:57,560] INFO in pymysql_toolkit: MySQL连接开启，当前连接<dbutils.pooled_db.PooledDedicatedDBConnection object at 0x10590ac50>
[2023-06-20 21:09:57,560] INFO in pymysql_toolkit: 当前连接的 autocommit：True
[2023-06-20 21:09:57,560] INFO in pymysql_toolkit: MySQL光标获取成功，当前光标<dbutils.steady_db.SteadyDBCursor object at 0x10590acd0>
[2023-06-20 21:09:57,561] INFO in pymysql_toolkit: 光标：<dbutils.steady_db.SteadyDBCursor object at 0x10590acd0>，已关闭
[2023-06-20 21:09:57,563] INFO in pymysql_toolkit: 连接：<dbutils.pooled_db.PooledDedicatedDBConnection object at 0x10590ac50>，已关闭
[2023-06-20 21:09:57,564] DEBUG in pymysql_toolkit: 从连接池获取连接
[2023-06-20 21:09:57,564] INFO in pymysql_toolkit: MySQL连接开启，当前连接<dbutils.pooled_db.PooledDedicatedDBConnection object at 0x10590abd0>
[2023-06-20 21:09:57,564] INFO in pymysql_toolkit: 当前连接的 autocommit：True
[2023-06-20 21:09:57,564] INFO in pymysql_toolkit: MySQL光标获取成功，当前光标<dbutils.steady_db.SteadyDBCursor object at 0x10590ac90>
[2023-06-20 21:09:57,565] INFO in pymysql_toolkit: 光标：<dbutils.steady_db.SteadyDBCursor object at 0x10590ac90>，已关闭
[2023-06-20 21:09:57,565] INFO in pymysql_toolkit: 连接：<dbutils.pooled_db.PooledDedicatedDBConnection object at 0x10590abd0>，已关闭
[2023-06-20 21:12:02,332] INFO in pymysql_toolkit: 数据库连接池配置：{'host': '192.168.64.16', 'db': 'data_visualization', 'user': 'data_visualization', 'password': '123456', 'port': 3306, 'charset': 'UTF8', 'min_cached': 10, 'max_cached': 20, 'max_shared': 10, 'max_connections': 100, 'blocking': True, 'max_usage': 100, 'set_session': None, 'reset': True}
[2023-06-20 21:12:02,333] INFO in pymysql_toolkit: 开始初始化数据库连接池
[2023-06-20 21:12:02,364] INFO in pymysql_toolkit: 数据库初始化成功
[2023-06-20 21:12:02,365] DEBUG in pymysql_toolkit: 从连接池获取连接
[2023-06-20 21:12:02,366] INFO in pymysql_toolkit: MySQL连接开启，当前连接<dbutils.pooled_db.PooledDedicatedDBConnection object at 0x102e96910>
[2023-06-20 21:12:02,366] INFO in pymysql_toolkit: 当前连接的 autocommit：True
[2023-06-20 21:12:02,366] INFO in pymysql_toolkit: MySQL光标获取成功，当前光标<dbutils.steady_db.SteadyDBCursor object at 0x102e969d0>
[2023-06-20 21:12:02,367] INFO in pymysql_toolkit: 光标：<dbutils.steady_db.SteadyDBCursor object at 0x102e969d0>，已关闭
[2023-06-20 21:12:02,369] INFO in pymysql_toolkit: 连接：<dbutils.pooled_db.PooledDedicatedDBConnection object at 0x102e96910>，已关闭
[2023-06-20 21:12:02,369] DEBUG in pymysql_toolkit: 从连接池获取连接
[2023-06-20 21:12:02,369] INFO in pymysql_toolkit: MySQL连接开启，当前连接<dbutils.pooled_db.PooledDedicatedDBConnection object at 0x102e96a10>
[2023-06-20 21:12:02,369] INFO in pymysql_toolkit: 当前连接的 autocommit：True
[2023-06-20 21:12:02,369] INFO in pymysql_toolkit: MySQL光标获取成功，当前光标<dbutils.steady_db.SteadyDBCursor object at 0x102e96a50>
[2023-06-20 21:12:02,371] INFO in pymysql_toolkit: 光标：<dbutils.steady_db.SteadyDBCursor object at 0x102e96a50>，已关闭
[2023-06-20 21:12:02,371] INFO in pymysql_toolkit: 连接：<dbutils.pooled_db.PooledDedicatedDBConnection object at 0x102e96a10>，已关闭
[2023-06-20 21:13:54,010] INFO in pymysql_toolkit: 数据库连接池配置：{'host': '192.168.64.16', 'db': 'data_visualization', 'user': 'data_visualization', 'password': '123456', 'port': 3306, 'charset': 'UTF8', 'min_cached': 10, 'max_cached': 20, 'max_shared': 10, 'max_connections': 100, 'blocking': True, 'max_usage': 100, 'set_session': None, 'reset': True}
[2023-06-20 21:13:54,010] INFO in pymysql_toolkit: 开始初始化数据库连接池
[2023-06-20 21:13:54,043] INFO in pymysql_toolkit: 数据库初始化成功
[2023-06-20 21:16:36,000] INFO in pymysql_toolkit: 数据库连接池配置：{'host': '192.168.64.16', 'db': 'data_visualization', 'user': 'data_visualization', 'password': '123456', 'port': 3306, 'charset': 'UTF8', 'min_cached': 10, 'max_cached': 20, 'max_shared': 10, 'max_connections': 100, 'blocking': True, 'max_usage': 100, 'set_session': None, 'reset': True}
[2023-06-20 21:16:36,001] INFO in pymysql_toolkit: 开始初始化数据库连接池
[2023-06-20 21:16:36,032] INFO in pymysql_toolkit: 数据库初始化成功
[2023-06-20 21:18:21,012] DEBUG in pymysql_toolkit: 从连接池获取连接
[2023-06-20 21:18:21,013] INFO in pymysql_toolkit: MySQL连接开启，当前连接<dbutils.pooled_db.PooledDedicatedDBConnection object at 0x106901ed0>
[2023-06-20 21:18:21,013] INFO in pymysql_toolkit: 当前连接的 autocommit：True
[2023-06-20 21:18:21,014] INFO in pymysql_toolkit: MySQL光标获取成功，当前光标<dbutils.steady_db.SteadyDBCursor object at 0x105fcfb90>
[2023-06-20 21:18:21,015] INFO in pymysql_toolkit: 光标：<dbutils.steady_db.SteadyDBCursor object at 0x105fcfb90>，已关闭
[2023-06-20 21:18:21,019] INFO in pymysql_toolkit: 连接：<dbutils.pooled_db.PooledDedicatedDBConnection object at 0x106901ed0>，已关闭
[2023-06-20 21:21:53,065] DEBUG in pymysql_toolkit: 从连接池获取连接
[2023-06-20 21:21:53,067] INFO in pymysql_toolkit: MySQL连接开启，当前连接<dbutils.pooled_db.PooledDedicatedDBConnection object at 0x10693e290>
[2023-06-20 21:21:53,067] INFO in pymysql_toolkit: 当前连接的 autocommit：True
[2023-06-20 21:21:53,067] INFO in pymysql_toolkit: MySQL光标获取成功，当前光标<dbutils.steady_db.SteadyDBCursor object at 0x10693d350>
[2023-06-20 21:21:53,067] INFO in pymysql_toolkit: 光标：<dbutils.steady_db.SteadyDBCursor object at 0x10693d350>，已关闭
[2023-06-20 21:21:53,067] INFO in pymysql_toolkit: 连接：<dbutils.pooled_db.PooledDedicatedDBConnection object at 0x10693e290>，已关闭
[2023-06-20 21:22:12,582] DEBUG in pymysql_toolkit: 从连接池获取连接
[2023-06-20 21:22:12,583] INFO in pymysql_toolkit: MySQL连接开启，当前连接<dbutils.pooled_db.PooledDedicatedDBConnection object at 0x10693e810>
[2023-06-20 21:22:12,583] INFO in pymysql_toolkit: 当前连接的 autocommit：True
[2023-06-20 21:22:12,584] INFO in pymysql_toolkit: MySQL光标获取成功，当前光标<dbutils.steady_db.SteadyDBCursor object at 0x10693f050>
[2023-06-20 21:22:12,584] INFO in pymysql_toolkit: 光标：<dbutils.steady_db.SteadyDBCursor object at 0x10693f050>，已关闭
[2023-06-20 21:22:12,584] INFO in pymysql_toolkit: 连接：<dbutils.pooled_db.PooledDedicatedDBConnection object at 0x10693e810>，已关闭
[2023-06-20 21:22:34,343] DEBUG in pymysql_toolkit: 从连接池获取连接
[2023-06-20 21:22:34,344] INFO in pymysql_toolkit: MySQL连接开启，当前连接<dbutils.pooled_db.PooledDedicatedDBConnection object at 0x10693f510>
[2023-06-20 21:22:34,345] INFO in pymysql_toolkit: 当前连接的 autocommit：True
[2023-06-20 21:22:34,345] INFO in pymysql_toolkit: MySQL光标获取成功，当前光标<dbutils.steady_db.SteadyDBCursor object at 0x10693ffd0>
[2023-06-20 21:22:34,346] INFO in pymysql_toolkit: 光标：<dbutils.steady_db.SteadyDBCursor object at 0x10693ffd0>，已关闭
[2023-06-20 21:22:34,352] INFO in pymysql_toolkit: 连接：<dbutils.pooled_db.PooledDedicatedDBConnection object at 0x10693f510>，已关闭
[2023-06-20 21:22:58,553] DEBUG in pymysql_toolkit: 从连接池获取连接
[2023-06-20 21:22:58,556] INFO in pymysql_toolkit: MySQL连接开启，当前连接<dbutils.pooled_db.PooledDedicatedDBConnection object at 0x10693a0d0>
[2023-06-20 21:22:58,556] INFO in pymysql_toolkit: 当前连接的 autocommit：True
[2023-06-20 21:22:58,556] INFO in pymysql_toolkit: MySQL光标获取成功，当前光标<dbutils.steady_db.SteadyDBCursor object at 0x105cead50>
[2023-06-20 21:22:58,557] INFO in pymysql_toolkit: 光标：<dbutils.steady_db.SteadyDBCursor object at 0x105cead50>，已关闭
[2023-06-20 21:22:58,561] INFO in pymysql_toolkit: 连接：<dbutils.pooled_db.PooledDedicatedDBConnection object at 0x10693a0d0>，已关闭
[2023-06-20 21:23:14,973] DEBUG in pymysql_toolkit: 从连接池获取连接
[2023-06-20 21:23:14,975] INFO in pymysql_toolkit: MySQL连接开启，当前连接<dbutils.pooled_db.PooledDedicatedDBConnection object at 0x10693e310>
[2023-06-20 21:23:14,975] INFO in pymysql_toolkit: 当前连接的 autocommit：True
[2023-06-20 21:23:14,975] INFO in pymysql_toolkit: MySQL光标获取成功，当前光标<dbutils.steady_db.SteadyDBCursor object at 0x10693f050>
[2023-06-20 21:23:14,977] INFO in pymysql_toolkit: 光标：<dbutils.steady_db.SteadyDBCursor object at 0x10693f050>，已关闭
[2023-06-20 21:23:14,983] INFO in pymysql_toolkit: 连接：<dbutils.pooled_db.PooledDedicatedDBConnection object at 0x10693e310>，已关闭
[2023-06-20 21:25:23,327] DEBUG in pymysql_toolkit: 从连接池获取连接
[2023-06-20 21:25:23,329] INFO in pymysql_toolkit: MySQL连接开启，当前连接<dbutils.pooled_db.PooledDedicatedDBConnection object at 0x10691ac10>
[2023-06-20 21:25:23,329] INFO in pymysql_toolkit: 当前连接的 autocommit：True
[2023-06-20 21:25:23,329] INFO in pymysql_toolkit: MySQL光标获取成功，当前光标<dbutils.steady_db.SteadyDBCursor object at 0x10693a0d0>
[2023-06-20 21:25:23,329] INFO in pymysql_toolkit: 开启事务
[2023-06-20 21:25:23,336] INFO in pymysql_toolkit: 事务已回滚
[2023-06-20 21:25:23,336] INFO in pymysql_toolkit: 光标：<dbutils.steady_db.SteadyDBCursor object at 0x10693a0d0>，已关闭
[2023-06-20 21:25:23,337] INFO in pymysql_toolkit: 连接：<dbutils.pooled_db.PooledDedicatedDBConnection object at 0x10691ac10>，已关闭
[2023-06-20 21:25:29,020] DEBUG in pymysql_toolkit: 从连接池获取连接
[2023-06-20 21:25:29,022] INFO in pymysql_toolkit: MySQL连接开启，当前连接<dbutils.pooled_db.PooledDedicatedDBConnection object at 0x106949610>
[2023-06-20 21:25:29,022] INFO in pymysql_toolkit: 当前连接的 autocommit：True
[2023-06-20 21:25:29,022] INFO in pymysql_toolkit: MySQL光标获取成功，当前光标<dbutils.steady_db.SteadyDBCursor object at 0x10694a210>
[2023-06-20 21:25:29,023] INFO in pymysql_toolkit: 开启事务
[2023-06-20 21:25:29,032] INFO in pymysql_toolkit: 事务已提交
[2023-06-20 21:25:29,033] INFO in pymysql_toolkit: 光标：<dbutils.steady_db.SteadyDBCursor object at 0x10694a210>，已关闭
[2023-06-20 21:25:29,033] INFO in pymysql_toolkit: 连接：<dbutils.pooled_db.PooledDedicatedDBConnection object at 0x106949610>，已关闭
[2023-06-20 21:30:11,807] DEBUG in pymysql_toolkit: 从连接池获取连接
[2023-06-20 21:30:11,811] INFO in pymysql_toolkit: MySQL连接开启，当前连接<dbutils.pooled_db.PooledDedicatedDBConnection object at 0x106949dd0>
[2023-06-20 21:30:11,811] INFO in pymysql_toolkit: 当前连接的 autocommit：True
[2023-06-20 21:30:11,811] INFO in pymysql_toolkit: MySQL光标获取成功，当前光标<dbutils.steady_db.SteadyDBCursor object at 0x10694a050>
[2023-06-20 21:30:11,813] INFO in pymysql_toolkit: 开启事务
[2023-06-20 21:30:11,818] INFO in pymysql_toolkit: 事务已回滚
[2023-06-20 21:30:11,818] INFO in pymysql_toolkit: 光标：<dbutils.steady_db.SteadyDBCursor object at 0x10694a050>，已关闭
[2023-06-20 21:30:11,819] INFO in pymysql_toolkit: 连接：<dbutils.pooled_db.PooledDedicatedDBConnection object at 0x106949dd0>，已关闭
[2023-06-20 21:30:41,677] INFO in pymysql_toolkit: 数据库连接池配置：{'host': '192.168.64.16', 'db': 'data_visualization', 'user': 'data_visualization', 'password': '123456', 'port': 3306, 'charset': 'UTF8', 'min_cached': 10, 'max_cached': 20, 'max_shared': 10, 'max_connections': 100, 'blocking': True, 'max_usage': 100, 'set_session': ['SET AUTOCOMMIT = 1'], 'reset': True}
[2023-06-20 21:30:41,677] INFO in pymysql_toolkit: 开始初始化数据库连接池
[2023-06-20 21:30:41,711] INFO in pymysql_toolkit: 数据库初始化成功
[2023-06-20 21:33:45,855] DEBUG in pymysql_toolkit: 从连接池获取连接
[2023-06-20 21:33:45,858] INFO in pymysql_toolkit: MySQL连接开启，当前连接<dbutils.pooled_db.PooledDedicatedDBConnection object at 0x1075c2850>
[2023-06-20 21:33:45,858] INFO in pymysql_toolkit: MySQL光标获取成功，当前光标<dbutils.steady_db.SteadyDBCursor object at 0x1069b9a90>
[2023-06-20 21:33:45,873] INFO in pymysql_toolkit: 光标：<dbutils.steady_db.SteadyDBCursor object at 0x1069b9a90>，已关闭
[2023-06-20 21:33:45,874] INFO in pymysql_toolkit: 连接：<dbutils.pooled_db.PooledDedicatedDBConnection object at 0x1075c2850>，已关闭
[2023-06-20 21:35:23,116] DEBUG in pymysql_toolkit: 从连接池获取连接
[2023-06-20 21:35:23,118] INFO in pymysql_toolkit: MySQL连接开启，当前连接<dbutils.pooled_db.PooledDedicatedDBConnection object at 0x1075c3f50>
[2023-06-20 21:35:23,119] INFO in pymysql_toolkit: MySQL光标获取成功，当前光标<dbutils.steady_db.SteadyDBCursor object at 0x1075c3fd0>
[2023-06-20 21:35:23,119] INFO in pymysql_toolkit: 开启事务
[2023-06-20 21:35:23,129] INFO in pymysql_toolkit: 事务已提交
[2023-06-20 21:35:23,130] INFO in pymysql_toolkit: 光标：<dbutils.steady_db.SteadyDBCursor object at 0x1075c3fd0>，已关闭
[2023-06-20 21:35:23,131] INFO in pymysql_toolkit: 连接：<dbutils.pooled_db.PooledDedicatedDBConnection object at 0x1075c3f50>，已关闭
[2023-06-20 21:35:52,194] INFO in pymysql_toolkit: 数据库连接池配置：{'host': '192.168.64.16', 'db': 'data_visualization', 'user': 'data_visualization', 'password': '123456', 'port': 3306, 'charset': 'UTF8', 'min_cached': 10, 'max_cached': 20, 'max_shared': 10, 'max_connections': 100, 'blocking': True, 'max_usage': 100, 'set_session': ['SET AUTOCOMMIT = 1'], 'reset': True}
[2023-06-20 21:35:52,195] INFO in pymysql_toolkit: 开始初始化数据库连接池
[2023-06-20 21:35:52,234] INFO in pymysql_toolkit: 数据库初始化成功
[2023-06-20 21:35:52,236] DEBUG in pymysql_toolkit: 从连接池获取连接
[2023-06-20 21:35:52,237] INFO in pymysql_toolkit: MySQL连接开启，当前连接<dbutils.pooled_db.PooledDedicatedDBConnection object at 0x1026aaa50>
[2023-06-20 21:35:52,237] INFO in pymysql_toolkit: MySQL光标获取成功，当前光标<dbutils.steady_db.SteadyDBCursor object at 0x1026aab90>
[2023-06-20 21:35:52,238] INFO in pymysql_toolkit: 光标：<dbutils.steady_db.SteadyDBCursor object at 0x1026aab90>，已关闭
[2023-06-20 21:35:52,238] INFO in pymysql_toolkit: 连接：<dbutils.pooled_db.PooledDedicatedDBConnection object at 0x1026aaa50>，已关闭
[2023-06-20 21:36:14,342] INFO in pymysql_toolkit: 数据库连接池配置：{'host': '192.168.64.16', 'db': 'data_visualization', 'user': 'data_visualization', 'password': '123456', 'port': 3306, 'charset': 'UTF8', 'min_cached': 10, 'max_cached': 20, 'max_shared': 10, 'max_connections': 100, 'blocking': True, 'max_usage': 100, 'set_session': ['SET AUTOCOMMIT = 1'], 'reset': True}
[2023-06-20 21:36:14,342] INFO in pymysql_toolkit: 开始初始化数据库连接池
[2023-06-20 21:36:14,379] INFO in pymysql_toolkit: 数据库初始化成功
[2023-06-20 21:36:14,381] DEBUG in pymysql_toolkit: 从连接池获取连接
[2023-06-20 21:36:14,381] INFO in pymysql_toolkit: MySQL连接开启，当前连接<dbutils.pooled_db.PooledDedicatedDBConnection object at 0x104eca4d0>
[2023-06-20 21:36:14,381] INFO in pymysql_toolkit: MySQL光标获取成功，当前光标<dbutils.steady_db.SteadyDBCursor object at 0x104eca550>
[2023-06-20 21:36:14,382] INFO in pymysql_toolkit: 光标：<dbutils.steady_db.SteadyDBCursor object at 0x104eca550>，已关闭
[2023-06-20 21:36:14,382] INFO in pymysql_toolkit: 连接：<dbutils.pooled_db.PooledDedicatedDBConnection object at 0x104eca4d0>，已关闭
[2023-06-20 21:38:15,815] INFO in pymysql_toolkit: 数据库连接池配置：{'host': '192.168.64.16', 'db': 'data_visualization', 'user': 'data_visualization', 'password': '123456', 'port': 3306, 'charset': 'UTF8', 'min_cached': 10, 'max_cached': 20, 'max_shared': 10, 'max_connections': 100, 'blocking': True, 'max_usage': 100, 'set_session': ['SET AUTOCOMMIT = 1'], 'reset': True}
[2023-06-20 21:38:15,815] INFO in pymysql_toolkit: 开始初始化数据库连接池
[2023-06-20 21:38:15,848] INFO in pymysql_toolkit: 数据库初始化成功
[2023-06-20 21:38:15,849] DEBUG in pymysql_toolkit: 从连接池获取连接
[2023-06-20 21:38:15,850] INFO in pymysql_toolkit: MySQL连接开启，当前连接<dbutils.pooled_db.PooledDedicatedDBConnection object at 0x102843290>
[2023-06-20 21:38:15,850] INFO in pymysql_toolkit: MySQL光标获取成功，当前光标<dbutils.steady_db.SteadyDBCursor object at 0x1031769d0>
[2023-06-20 21:38:15,851] INFO in pymysql_toolkit: 光标：<dbutils.steady_db.SteadyDBCursor object at 0x1031769d0>，已关闭
[2023-06-20 21:38:15,851] INFO in pymysql_toolkit: 连接：<dbutils.pooled_db.PooledDedicatedDBConnection object at 0x102843290>，已关闭
[2023-06-20 21:38:42,531] INFO in pymysql_toolkit: 数据库连接池配置：{'host': '192.168.64.16', 'db': 'data_visualization', 'user': 'data_visualization', 'password': '123456', 'port': 3306, 'charset': 'UTF8', 'min_cached': 10, 'max_cached': 20, 'max_shared': 10, 'max_connections': 100, 'blocking': True, 'max_usage': 100, 'set_session': ['SET AUTOCOMMIT = 1'], 'reset': True}
[2023-06-20 21:38:42,531] INFO in pymysql_toolkit: 开始初始化数据库连接池
[2023-06-20 21:38:42,569] INFO in pymysql_toolkit: 数据库初始化成功
[2023-06-20 21:38:42,570] DEBUG in pymysql_toolkit: 从连接池获取连接
[2023-06-20 21:38:42,571] INFO in pymysql_toolkit: MySQL连接开启，当前连接<dbutils.pooled_db.PooledDedicatedDBConnection object at 0x10296a510>
[2023-06-20 21:38:42,571] INFO in pymysql_toolkit: MySQL光标获取成功，当前光标<dbutils.steady_db.SteadyDBCursor object at 0x10296a5d0>
[2023-06-20 21:38:42,574] INFO in pymysql_toolkit: 光标：<dbutils.steady_db.SteadyDBCursor object at 0x10296a5d0>，已关闭
[2023-06-20 21:38:42,575] INFO in pymysql_toolkit: 连接：<dbutils.pooled_db.PooledDedicatedDBConnection object at 0x10296a510>，已关闭
[2023-06-20 21:38:42,575] DEBUG in pymysql_toolkit: 从连接池获取连接
[2023-06-20 21:38:42,576] INFO in pymysql_toolkit: MySQL连接开启，当前连接<dbutils.pooled_db.PooledDedicatedDBConnection object at 0x10296a650>
[2023-06-20 21:38:42,576] INFO in pymysql_toolkit: MySQL光标获取成功，当前光标<dbutils.steady_db.SteadyDBCursor object at 0x10296a890>
[2023-06-20 21:38:42,577] INFO in pymysql_toolkit: 光标：<dbutils.steady_db.SteadyDBCursor object at 0x10296a890>，已关闭
[2023-06-20 21:38:42,577] INFO in pymysql_toolkit: 连接：<dbutils.pooled_db.PooledDedicatedDBConnection object at 0x10296a650>，已关闭
[2023-06-20 21:39:52,900] INFO in pymysql_toolkit: 数据库连接池配置：{'host': '192.168.64.16', 'db': 'data_visualization', 'user': 'data_visualization', 'password': '123456', 'port': 3306, 'charset': 'UTF8', 'min_cached': 10, 'max_cached': 20, 'max_shared': 10, 'max_connections': 100, 'blocking': True, 'max_usage': 100, 'set_session': ['SET AUTOCOMMIT = 1'], 'reset': True}
[2023-06-20 21:39:52,900] INFO in pymysql_toolkit: 开始初始化数据库连接池
[2023-06-20 21:39:52,934] INFO in pymysql_toolkit: 数据库初始化成功
[2023-06-20 21:39:52,935] DEBUG in pymysql_toolkit: 从连接池获取连接
[2023-06-20 21:39:52,936] INFO in pymysql_toolkit: MySQL连接开启，当前连接<dbutils.pooled_db.PooledDedicatedDBConnection object at 0x10500e5d0>
[2023-06-20 21:39:52,936] INFO in pymysql_toolkit: MySQL光标获取成功，当前光标<dbutils.steady_db.SteadyDBCursor object at 0x10500e650>
[2023-06-20 21:39:52,940] INFO in pymysql_toolkit: 光标：<dbutils.steady_db.SteadyDBCursor object at 0x10500e650>，已关闭
[2023-06-20 21:39:52,941] INFO in pymysql_toolkit: 连接：<dbutils.pooled_db.PooledDedicatedDBConnection object at 0x10500e5d0>，已关闭
[2023-06-20 21:39:52,941] DEBUG in pymysql_toolkit: 从连接池获取连接
[2023-06-20 21:39:52,941] INFO in pymysql_toolkit: MySQL连接开启，当前连接<dbutils.pooled_db.PooledDedicatedDBConnection object at 0x10500e710>
[2023-06-20 21:39:52,941] INFO in pymysql_toolkit: MySQL光标获取成功，当前光标<dbutils.steady_db.SteadyDBCursor object at 0x10500e950>
[2023-06-20 21:39:52,942] INFO in pymysql_toolkit: 光标：<dbutils.steady_db.SteadyDBCursor object at 0x10500e950>，已关闭
[2023-06-20 21:39:52,943] INFO in pymysql_toolkit: 连接：<dbutils.pooled_db.PooledDedicatedDBConnection object at 0x10500e710>，已关闭
